<?xml version="1.0" encoding="UTF-8"?>
<testsuite xmlns:xsi="http://www.w3.org/2001/XMLSchema-instance" xsi:noNamespaceSchemaLocation="https://maven.apache.org/surefire/maven-surefire-plugin/xsd/surefire-test-report.xsd" name="com.anli.demo.DemoApplicationTests" time="8.359" tests="2" errors="1" skipped="0" failures="0">
  <properties>
[...]
</properties>
  <testcase name="parseJwt" classname="com.anli.demo.DemoApplicationTests" time="1.555">
    <error message="JWT expired at 2024-07-10T14:42:21Z. Current time: 2024-07-12T14:10:53Z, a difference of 170912205 milliseconds.  Allowed clock skew: 0 milliseconds." type="io.jsonwebtoken.ExpiredJwtException">io.jsonwebtoken.ExpiredJwtException: JWT expired at 2024-07-10T14:42:21Z. Current time: 2024-07-12T14:10:53Z, a difference of 170912205 milliseconds.  Allowed clock skew: 0 milliseconds.
	at com.anli.demo.DemoApplicationTests.parseJwt(DemoApplicationTests.java:38)
</error>
    <system-out><![CDATA[14:10:45.102 [main] DEBUG org.springframework.test.context.BootstrapUtils - Instantiating CacheAwareContextLoaderDelegate from class [org.springframework.test.context.cache.DefaultCacheAwareContextLoaderDelegate]
14:10:45.122 [main] DEBUG org.springframework.test.context.BootstrapUtils - Instantiating BootstrapContext using constructor [public org.springframework.test.context.support.DefaultBootstrapContext(java.lang.Class,org.springframework.test.context.CacheAwareContextLoaderDelegate)]
14:10:45.191 [main] DEBUG org.springframework.test.context.BootstrapUtils - Instantiating TestContextBootstrapper for test class [com.anli.demo.DemoApplicationTests] from class [org.springframework.boot.test.context.SpringBootTestContextBootstrapper]
14:10:45.215 [main] INFO org.springframework.boot.test.context.SpringBootTestContextBootstrapper - Neither @ContextConfiguration nor @ContextHierarchy found for test class [com.anli.demo.DemoApplicationTests], using SpringBootContextLoader
14:10:45.223 [main] DEBUG org.springframework.test.context.support.AbstractContextLoader - Did not detect default resource location for test class [com.anli.demo.DemoApplicationTests]: class path resource [com/anli/demo/DemoApplicationTests-context.xml] does not exist
14:10:45.224 [main] DEBUG org.springframework.test.context.support.AbstractContextLoader - Did not detect default resource location for test class [com.anli.demo.DemoApplicationTests]: class path resource [com/anli/demo/DemoApplicationTestsContext.groovy] does not exist
14:10:45.224 [main] INFO org.springframework.test.context.support.AbstractContextLoader - Could not detect default resource locations for test class [com.anli.demo.DemoApplicationTests]: no resource found for suffixes {-context.xml, Context.groovy}.
14:10:45.226 [main] INFO org.springframework.test.context.support.AnnotationConfigContextLoaderUtils - Could not detect default configuration classes for test class [com.anli.demo.DemoApplicationTests]: DemoApplicationTests does not declare any static, non-private, non-final, nested classes annotated with @Configuration.
14:10:45.425 [main] DEBUG org.springframework.test.context.support.ActiveProfilesUtils - Could not find an 'annotation declaring class' for annotation type [org.springframework.test.context.ActiveProfiles] and class [com.anli.demo.DemoApplicationTests]
14:10:45.643 [main] DEBUG org.springframework.context.annotation.ClassPathScanningCandidateComponentProvider - Identified candidate component class: file [D:\Java\10\an_web_project\springbootWeb-anli\target\classes\com\anli\DemoApplication.class]
14:10:45.644 [main] INFO org.springframework.boot.test.context.SpringBootTestContextBootstrapper - Found @SpringBootConfiguration com.anli.DemoApplication for test class com.anli.demo.DemoApplicationTests
14:10:45.886 [main] DEBUG org.springframework.boot.test.context.SpringBootTestContextBootstrapper - @TestExecutionListeners is not present for class [com.anli.demo.DemoApplicationTests]: using defaults.
14:10:45.887 [main] INFO org.springframework.boot.test.context.SpringBootTestContextBootstrapper - Loaded default TestExecutionListener class names from location [META-INF/spring.factories]: [org.springframework.boot.test.mock.mockito.MockitoTestExecutionListener, org.springframework.boot.test.mock.mockito.ResetMocksTestExecutionListener, org.springframework.boot.test.autoconfigure.restdocs.RestDocsTestExecutionListener, org.springframework.boot.test.autoconfigure.web.client.MockRestServiceServerResetTestExecutionListener, org.springframework.boot.test.autoconfigure.web.servlet.MockMvcPrintOnlyOnFailureTestExecutionListener, org.springframework.boot.test.autoconfigure.web.servlet.WebDriverTestExecutionListener, org.springframework.boot.test.autoconfigure.webservices.client.MockWebServiceServerTestExecutionListener, org.springframework.test.context.web.ServletTestExecutionListener, org.springframework.test.context.support.DirtiesContextBeforeModesTestExecutionListener, org.springframework.test.context.event.ApplicationEventsTestExecutionListener, org.springframework.test.context.support.DependencyInjectionTestExecutionListener, org.springframework.test.context.support.DirtiesContextTestExecutionListener, org.springframework.test.context.transaction.TransactionalTestExecutionListener, org.springframework.test.context.jdbc.SqlScriptsTestExecutionListener, org.springframework.test.context.event.EventPublishingTestExecutionListener]
14:10:45.916 [main] INFO org.springframework.boot.test.context.SpringBootTestContextBootstrapper - Using TestExecutionListeners: [org.springframework.test.context.web.ServletTestExecutionListener@2c78d320, org.springframework.test.context.support.DirtiesContextBeforeModesTestExecutionListener@132e0cc, org.springframework.test.context.event.ApplicationEventsTestExecutionListener@7b205dbd, org.springframework.boot.test.mock.mockito.MockitoTestExecutionListener@106cc338, org.springframework.boot.test.autoconfigure.SpringBootDependencyInjectionTestExecutionListener@7a67e3c6, org.springframework.test.context.support.DirtiesContextTestExecutionListener@6cc558c6, org.springframework.test.context.transaction.TransactionalTestExecutionListener@15713d56, org.springframework.test.context.jdbc.SqlScriptsTestExecutionListener@63f259c3, org.springframework.test.context.event.EventPublishingTestExecutionListener@26ceffa8, org.springframework.boot.test.mock.mockito.ResetMocksTestExecutionListener@600b90df, org.springframework.boot.test.autoconfigure.restdocs.RestDocsTestExecutionListener@7c8c9a05, org.springframework.boot.test.autoconfigure.web.client.MockRestServiceServerResetTestExecutionListener@d41f816, org.springframework.boot.test.autoconfigure.web.servlet.MockMvcPrintOnlyOnFailureTestExecutionListener@5c2375a9, org.springframework.boot.test.autoconfigure.web.servlet.WebDriverTestExecutionListener@60129b9a, org.springframework.boot.test.autoconfigure.webservices.client.MockWebServiceServerTestExecutionListener@78d6692f]
14:10:45.920 [main] DEBUG org.springframework.test.context.support.AbstractDirtiesContextTestExecutionListener - Before test class: context [DefaultTestContext@416c58f5 testClass = DemoApplicationTests, testInstance = [null], testMethod = [null], testException = [null], mergedContextConfiguration = [WebMergedContextConfiguration@5505ae1a testClass = DemoApplicationTests, locations = '{}', classes = '{class com.anli.DemoApplication}', contextInitializerClasses = '[]', activeProfiles = '{}', propertySourceLocations = '{}', propertySourceProperties = '{org.springframework.boot.test.context.SpringBootTestContextBootstrapper=true}', contextCustomizers = set[org.springframework.boot.test.context.filter.ExcludeFilterContextCustomizer@581ac8a8, org.springframework.boot.test.json.DuplicateJsonObjectContextCustomizerFactory$DuplicateJsonObjectContextCustomizer@67c33749, org.springframework.boot.test.mock.mockito.MockitoContextCustomizer@0, org.springframework.boot.test.web.client.TestRestTemplateContextCustomizer@6da21078, org.springframework.boot.test.autoconfigure.actuate.metrics.MetricsExportContextCustomizerFactory$DisableMetricExportContextCustomizer@22ef9844, org.springframework.boot.test.autoconfigure.properties.PropertyMappingContextCustomizer@0, org.springframework.boot.test.autoconfigure.web.servlet.WebDriverContextCustomizerFactory$Customizer@1b2abca6, org.springframework.boot.test.context.SpringBootTestArgs@1, org.springframework.boot.test.context.SpringBootTestWebEnvironment@2c039ac6], resourceBasePath = 'src/main/webapp', contextLoader = 'org.springframework.boot.test.context.SpringBootContextLoader', parent = [null]], attributes = map['org.springframework.test.context.web.ServletTestExecutionListener.activateListener' -> true]], class annotated with @DirtiesContext [false] with mode [null].

  .   ____          _            __ _ _
 /\\ / ___'_ __ _ _(_)_ __  __ _ \ \ \ \
( ( )\___ | '_ | '_| | '_ \/ _` | \ \ \ \
 \\/  ___)| |_)| | | | | || (_| |  ) ) ) )
  '  |____| .__|_| |_|_| |_\__, | / / / /
 =========|_|==============|___/=/_/_/_/
 :: Spring Boot ::                (v2.7.5)

2024-07-12 14:10:46.486  INFO 18056 --- [           main] com.anli.demo.DemoApplicationTests       : Starting DemoApplicationTests using Java 17.0.11 on 工藤新一 with PID 18056 (started by 李新安 in D:\Java\10\an_web_project\springbootWeb-anli)
2024-07-12 14:10:46.487  INFO 18056 --- [           main] com.anli.demo.DemoApplicationTests       : No active profile set, falling back to 1 default profile: "default"
Logging initialized using 'class org.apache.ibatis.logging.stdout.StdOutImpl' adapter.
Property 'mapperLocations' was not specified.


,------.                           ,--.  ,--.         ,--.                         
|  .--. '  ,--,--.  ,---.   ,---.  |  '--'  |  ,---.  |  |  ,---.   ,---.  ,--.--. 
|  '--' | ' ,-.  | | .-. | | .-. : |  .--.  | | .-. : |  | | .-. | | .-. : |  .--' 
|  | --'  \ '-'  | ' '-' ' \   --. |  |  |  | \   --. |  | | '-' ' \   --. |  |    
`--'       `--`--' .`-  /   `----' `--'  `--'  `----' `--' |  |-'   `----' `--'    
                   `---'                                   `--'                        is intercepting.

2024-07-12 14:10:51.627  INFO 18056 --- [           main] com.anli.demo.DemoApplicationTests       : Started DemoApplicationTests in 5.642 seconds (JVM running for 7.508)
]]></system-out>
  </testcase>
  <testcase name="testGenJWt" classname="com.anli.demo.DemoApplicationTests" time="0.087"/>
</testsuite>